<?xml version="1.0" encoding="UTF-8"?>
<testsuite xmlns:xsi="http://www.w3.org/2001/XMLSchema-instance" xsi:noNamespaceSchemaLocation="https://maven.apache.org/surefire/maven-surefire-plugin/xsd/surefire-test-report.xsd" version="3.0.2" name="com.unique05.content_calendar.ContentCalendarApplicationTests" time="11.797" tests="1" errors="0" skipped="0" failures="0">
  <properties>
[...]
</properties>
  <testcase name="contextLoads" classname="com.unique05.content_calendar.ContentCalendarApplicationTests" time="1.623">
    <system-out><![CDATA[10:05:40.556 [main] INFO org.springframework.test.context.support.AnnotationConfigContextLoaderUtils -- Could not detect default configuration classes for test class [com.unique05.content_calendar.ContentCalendarApplicationTests]: ContentCalendarApplicationTests does not declare any static, non-private, non-final, nested classes annotated with @Configuration.
10:05:40.784 [main] INFO org.springframework.boot.test.context.SpringBootTestContextBootstrapper -- Found @SpringBootConfiguration com.unique05.content_calendar.Application for test class com.unique05.content_calendar.ContentCalendarApplicationTests

  .   ____          _            __ _ _
 /\\ / ___'_ __ _ _(_)_ __  __ _ \ \ \ \
( ( )\___ | '_ | '_| | '_ \/ _` | \ \ \ \
 \\/  ___)| |_)| | | | | || (_| |  ) ) ) )
  '  |____| .__|_| |_|_| |_\__, | / / / /
 =========|_|==============|___/=/_/_/_/

 :: Spring Boot ::                (v3.4.0)

2025-01-08T10:05:41.684+01:00  INFO 20336 --- [content-calendar] [           main] c.u.c.ContentCalendarApplicationTests    : Starting ContentCalendarApplicationTests using Java 23 with PID 20336 (started by PERFECT-OKEME in C:\Users\PERFECT-OKEME\Downloads\content-calendar)
2025-01-08T10:05:41.687+01:00  INFO 20336 --- [content-calendar] [           main] c.u.c.ContentCalendarApplicationTests    : The following 1 profile is active: "dev"
2025-01-08T10:05:44.523+01:00  INFO 20336 --- [content-calendar] [           main] .s.d.r.c.RepositoryConfigurationDelegate : Bootstrapping Spring Data JDBC repositories in DEFAULT mode.
2025-01-08T10:05:44.657+01:00  INFO 20336 --- [content-calendar] [           main] .s.d.r.c.RepositoryConfigurationDelegate : Finished Spring Data repository scanning in 115 ms. Found 1 JDBC repository interface.
2025-01-08T10:05:45.570+01:00  INFO 20336 --- [content-calendar] [           main] com.zaxxer.hikari.HikariDataSource       : content - Starting...
2025-01-08T10:05:46.138+01:00  INFO 20336 --- [content-calendar] [           main] com.zaxxer.hikari.pool.HikariPool        : content - Added connection conn0: url=jdbc:h2:mem:content user=SA
2025-01-08T10:05:46.144+01:00  INFO 20336 --- [content-calendar] [           main] com.zaxxer.hikari.HikariDataSource       : content - Start completed.
2025-01-08T10:05:49.354+01:00  INFO 20336 --- [content-calendar] [           main] o.s.b.a.h2.H2ConsoleAutoConfiguration    : H2 console available at '/h2-console'. Database available at 'jdbc:h2:mem:content'
2025-01-08T10:05:49.399+01:00  INFO 20336 --- [content-calendar] [           main] o.s.b.a.e.web.EndpointLinksResolver      : Exposing 14 endpoints beneath base path '/actuator'
2025-01-08T10:05:49.598+01:00  INFO 20336 --- [content-calendar] [           main] c.u.c.ContentCalendarApplicationTests    : Started ContentCalendarApplicationTests in 8.503 seconds (process running for 10.464)
]]></system-out>
    <system-err><![CDATA[Mockito is currently self-attaching to enable the inline-mock-maker. This will no longer work in future releases of the JDK. Please add Mockito as an agent to your build what is described in Mockito's documentation: https://javadoc.io/doc/org.mockito/mockito-core/latest/org/mockito/Mockito.html#0.3
WARNING: A Java agent has been loaded dynamically (C:\Users\PERFECT-OKEME\.m2\repository\net\bytebuddy\byte-buddy-agent\1.15.10\byte-buddy-agent-1.15.10.jar)
WARNING: If a serviceability tool is in use, please run with -XX:+EnableDynamicAgentLoading to hide this warning
WARNING: If a serviceability tool is not in use, please run with -Djdk.instrument.traceUsage for more information
WARNING: Dynamic loading of agents will be disallowed by default in a future release
]]></system-err>
  </testcase>
</testsuite>